<?xml version="1.0" encoding="UTF-8"?>
<testsuite xmlns:xsi="http://www.w3.org/2001/XMLSchema-instance" xsi:noNamespaceSchemaLocation="https://maven.apache.org/surefire/maven-surefire-plugin/xsd/surefire-test-report-3.0.xsd" version="3.0" name="TestSuite" time="69.506" tests="24" errors="0" skipped="0" failures="9">
  <properties>
[...]
</properties>
  <testcase name="testMainPageTitle" classname="main.java.MainPageTest" time="0.001">
    <system-err><![CDATA[Starting ChromeDriver 92.0.4515.43 (8c61b7e2989f2990d42f859cac71319137787cce-refs/branch-heads/4515@{#306}) on pSotarrtti ng 78C0h6ro
mOenDlryi vleorc 9a2l. 0.co4n51n5.4e3 c(8tc61b7ioe2n9s8 9afre29 a90ldl4o2wfe8d5.9c
aPcl7ea13se19 s1e37e 7h87tctcpes-:/r/efchs/rbormeandrcih-vheera.dcsh/r4o5m1i5u@m{.#o3r0g6/}s)ec ounri ptyo-rtc o2n8s6i1de
raOtnilyon lso cfaolr c osnugngeectsitoinosn sa oren  akleelpionwge dC.hr
oPmelDearsieve rs ees ahftet.p
s://chromedriver.chromium.org/securCithyro-mceDorinvesr wias dsetraatirtoedn ssu ccfeosrsf ullsyu.g
gestions on keeping ChromeDriver safe.
ChromeDriver was started successfully.
Aug 16, 2021 12:43:53 PM org.openqa.selenium.remote.ProtocolHandshake createSession
INFO: Detected dialect: W3C
Aug 16, 2021 12:43:53 PM org.openqa.selenium.remote.ProtocolHandshake createSession
INFO: Detected dialect: W3C
]]></system-err>
  </testcase>
  <testcase name="testMainPageHeaders" classname="main.java.MainPageTest" time="0.046"/>
  <testcase name="clickHomeButton" classname="main.java.MainPageTest" time="0.161"/>
  <testcase name="clickLoginButton" classname="main.java.MainPageTest" time="0.062">
    <failure message="expected [Address Book - Sign In] but found [Address Book]" type="java.lang.AssertionError"><![CDATA[java.lang.AssertionError: expected [Address Book - Sign In] but found [Address Book]
	at main.java.MainPageTest.clickLoginButton(MainPageTest.java:78)
]]></failure>
  </testcase>
  <testcase name="testSignInPageTitle" classname="main.java.SignInPageTest" time="0">
    <system-err><![CDATA[Starting ChromeDriver 92.0.4515.43 (8c61b7e2989f2990d42f859cac71319137787cce-refs/branch-heads/4515@{#306}) on port 12045
Only local connections are allowed.
Please see https://chromedriver.chromium.org/security-considerations for suggestions on keeping ChromeDriver safe.
ChromeDriver was started successfully.
Aug 16, 2021 12:43:57 PM org.openqa.selenium.remote.ProtocolHandshake createSession
INFO: Detected dialect: W3C
]]></system-err>
  </testcase>
  <testcase name="testSignInPageElementsExist" classname="main.java.SignInPageTest" time="0.133"/>
  <testcase name="testBadCredentialsInForm" classname="main.java.SignInPageTest" time="2.486"/>
  <testcase name="clickSignUpButton" classname="main.java.SignInPageTest" time="0.516"/>
  <testcase name="signIn" classname="main.java.SignInPageTest" time="0.687"/>
  <testcase name="validateMainContents" classname="main.java.AfterSignInTest" time="0.227">
    <system-out><![CDATA[PASSED: signIn
PASSED: testMainPageHeaders
PASSED: clickSignUpButton
PASSED: testBadCredentialsInForm
PASSED: testMainPageTitle
PASSED: clickHomeButton
PASSED: testSignInPageElementsExist
PASSED: testSignInPageTitle
FAILED: clickLoginButton
java.lang.AssertionError: expected [Address Book - Sign In] but found [Address Book]
	at org.testng.Assert.fail(Assert.java:99)
	at org.testng.Assert.failNotEquals(Assert.java:1037)
	at org.testng.Assert.assertEqualsImpl(Assert.java:140)
	at org.testng.Assert.assertEquals(Assert.java:122)
	at org.testng.Assert.assertEquals(Assert.java:629)
	at org.testng.Assert.assertEquals(Assert.java:639)
	at main.java.MainPageTest.clickLoginButton(MainPageTest.java:78)
	at java.base/jdk.internal.reflect.NativeMethodAccessorImpl.invoke0(Native Method)
	at java.base/jdk.internal.reflect.NativeMethodAccessorImpl.invoke(NativeMethodAccessorImpl.java:62)
	at java.base/jdk.internal.reflect.DelegatingMethodAccessorImpl.invoke(DelegatingMethodAccessorImpl.java:43)
	at java.base/java.lang.reflect.Method.invoke(Method.java:566)
	at org.testng.internal.MethodInvocationHelper.invokeMethod(MethodInvocationHelper.java:133)
	at org.testng.internal.TestInvoker.invokeMethod(TestInvoker.java:598)
	at org.testng.internal.TestInvoker.invokeTestMethod(TestInvoker.java:173)
	at org.testng.internal.MethodRunner.runInSequence(MethodRunner.java:46)
	at org.testng.internal.TestInvoker$MethodInvocationAgent.invoke(TestInvoker.java:824)
	at org.testng.internal.TestInvoker.invokeTestMethods(TestInvoker.java:146)
	at org.testng.internal.TestMethodWorker.invokeTestMethods(TestMethodWorker.java:146)
	at org.testng.internal.TestMethodWorker.run(TestMethodWorker.java:128)
	at java.base/java.util.ArrayList.forEach(ArrayList.java:1541)
	at org.testng.TestRunner.privateRun(TestRunner.java:794)
	at org.testng.TestRunner.run(TestRunner.java:596)
	at org.testng.SuiteRunner.runTest(SuiteRunner.java:377)
	at org.testng.SuiteRunner.access$000(SuiteRunner.java:28)
	at org.testng.SuiteRunner$SuiteWorker.run(SuiteRunner.java:418)
	at org.testng.internal.thread.ThreadUtil.lambda$execute$0(ThreadUtil.java:64)
	at java.base/java.util.concurrent.FutureTask.run(FutureTask.java:264)
	at java.base/java.util.concurrent.ThreadPoolExecutor.runWorker(ThreadPoolExecutor.java:1128)
	at java.base/java.util.concurrent.ThreadPoolExecutor$Worker.run(ThreadPoolExecutor.java:628)
	at java.base/java.lang.Thread.run(Thread.java:834)


===============================================
    C:/Users/Alqarout/IdeaProjects/FirstSeleniumTask-FirstFunctionality
    Tests run: 9, Failures: 1, Skips: 0
===============================================

]]></system-out>
  </testcase>
  <testcase name="testAddressBtn" classname="main.java.AfterSignInTest" time="0.581"/>
  <testcase name="createEmptyAddress" classname="main.java.AfterSignInTest" time="0.57">
    <failure message="expected [http://a.testaddressbook.com/addresses/new] but found [http://a.testaddressbook.com/addresses]" type="java.lang.AssertionError"><![CDATA[java.lang.AssertionError: expected [http://a.testaddressbook.com/addresses/new] but found [http://a.testaddressbook.com/addresses]
	at main.java.AfterSignInTest.createEmptyAddress(AfterSignInTest.java:157)
]]></failure>
  </testcase>
  <testcase name="createInvalidFirstNameAddress" classname="main.java.AfterSignInTest" time="4.258">
    <failure message="expected [false] but found [true]" type="java.lang.AssertionError"><![CDATA[java.lang.AssertionError: expected [false] but found [true]
	at main.java.AfterSignInTest.createInvalidFirstNameAddress(AfterSignInTest.java:167)
]]></failure>
  </testcase>
  <testcase name="createInvalidLastNameAddress" classname="main.java.AfterSignInTest" time="4.28">
    <failure message="expected [false] but found [true]" type="java.lang.AssertionError"><![CDATA[java.lang.AssertionError: expected [false] but found [true]
	at main.java.AfterSignInTest.createInvalidLastNameAddress(AfterSignInTest.java:178)
]]></failure>
  </testcase>
  <testcase name="createInvalidZipCodeAddress" classname="main.java.AfterSignInTest" time="4.208">
    <failure message="expected [false] but found [true]" type="java.lang.AssertionError"><![CDATA[java.lang.AssertionError: expected [false] but found [true]
	at main.java.AfterSignInTest.createInvalidZipCodeAddress(AfterSignInTest.java:190)
]]></failure>
  </testcase>
  <testcase name="createInvalidAgeAddress" classname="main.java.AfterSignInTest" time="4.344">
    <failure message="expected [false] but found [true]" type="java.lang.AssertionError"><![CDATA[java.lang.AssertionError: expected [false] but found [true]
	at main.java.AfterSignInTest.createInvalidAgeAddress(AfterSignInTest.java:215)
]]></failure>
  </testcase>
  <testcase name="createInvalidBirthdayAddress" classname="main.java.AfterSignInTest" time="4.316">
    <failure message="expected [false] but found [true]" type="java.lang.AssertionError"><![CDATA[java.lang.AssertionError: expected [false] but found [true]
	at main.java.AfterSignInTest.createInvalidBirthdayAddress(AfterSignInTest.java:248)
]]></failure>
  </testcase>
  <testcase name="createValidAddress" classname="main.java.AfterSignInTest" time="1.267"/>
  <testcase name="editAddressCorrectlyAfterCreation" classname="main.java.AfterSignInTest" time="3.074"/>
  <testcase name="editAddressIncorrectlyAfterCreation" classname="main.java.AfterSignInTest" time="2.989">
    <failure message="expected [http://a.testaddressbook.com/addresses/8770] but found [http://a.testaddressbook.com/addresses/8770/edit]" type="java.lang.AssertionError"><![CDATA[java.lang.AssertionError: expected [http://a.testaddressbook.com/addresses/8770] but found [http://a.testaddressbook.com/addresses/8770/edit]
	at main.java.AfterSignInTest.editAddressIncorrectlyAfterCreation(AfterSignInTest.java:300)
]]></failure>
  </testcase>
  <testcase name="listAddressAfterCreation" classname="main.java.AfterSignInTest" time="2.671"/>
  <testcase name="listAddressBeforeCreation" classname="main.java.AfterSignInTest" time="1.327"/>
  <testcase name="destroyAddress" classname="main.java.AfterSignInTest" time="1.367">
    <failure message="expected [true] but found [false]" type="java.lang.AssertionError"><![CDATA[java.lang.AssertionError: expected [true] but found [false]
	at main.java.AfterSignInTest.destroyAddress(AfterSignInTest.java:339)
]]></failure>
  </testcase>
  <testcase name="signOut" classname="main.java.AfterSignInTest" time="0.465"/>
</testsuite>