<?xml version="1.0" encoding="UTF-8"?>
<testsuite xmlns:xsi="http://www.w3.org/2001/XMLSchema-instance" xsi:noNamespaceSchemaLocation="https://maven.apache.org/surefire/maven-surefire-plugin/xsd/surefire-test-report-3.0.xsd" version="3.0" name="TestSuite" time="43.09" tests="24" errors="0" skipped="0" failures="9">
  <properties>
[...]
</properties>
  <testcase name="testMainPageTitle" classname="main.java.MainPageTest" time="0.001">
    <system-err><![CDATA[Starting ChromeDriver 92.0.4515.43 (8c61b7e2989f2990d42f859cac71319137787cce-refs/branch-heads/4515@{#306}) on port 30001
Only local connections are allowed.St
aPrtliengas eC hsereom ehDtrtivpesr :9/2/.c0h.r4o51m5e.4d3r iv(8ec6r1b7.e298c9fh299r0do42f8m59caic71u31m91.3o7r78g7/ccse-erecfus/rbiratncyh--hceoadns/s45i1d5@e{r#at30i6o})n son  fpoorrt  2s59u59g
Ognelsyt ilooncsa oln  ckeoenpninegc CthiroomneDsr ivaerr es aalfleow.ed
.
Please see https://chromedriver.chromium.org/securityC-chonsrideromateDiornisv eforr  wsuaggse stsiotnasr toend  kseuecpciensgs fCuhlrloym.eD
river safe.
ChromeDriver was started successfully.
Aug 16, 2021 2:09:38 PM org.openqa.selenium.remote.ProtocolHandshake createSession
INFO: Detected dialect: W3C
Aug 16, 2021 2:09:38 PM org.openqa.selenium.remote.ProtocolHandshake createSession
INFO: Detected dialect: W3C
]]></system-err>
  </testcase>
  <testcase name="testMainPageHeaders" classname="main.java.MainPageTest" time="0.043"/>
  <testcase name="clickHomeButton" classname="main.java.MainPageTest" time="0.113"/>
  <testcase name="clickLoginButton" classname="main.java.MainPageTest" time="0.095">
    <failure message="expected [Address Book - Sign In] but found [Address Book]" type="java.lang.AssertionError"><![CDATA[java.lang.AssertionError: expected [Address Book - Sign In] but found [Address Book]
	at main.java.MainPageTest.clickLoginButton(MainPageTest.java:78)
]]></failure>
  </testcase>
  <testcase name="validateMainContents" classname="main.java.AfterSignInTest" time="0.247">
    <system-err><![CDATA[Starting ChromeDriver 92.0.4515.43 (8c61b7e2989f2990d42f859cac71319137787cce-refs/branch-heads/4515@{#306}) on port 40203
Only local connections are allowed.
Please see https://chromedriver.chromium.org/security-considerations for suggestions on keeping ChromeDriver safe.
ChromeDriver was started successfully.
]]></system-err>
  </testcase>
  <testcase name="testAddressBtn" classname="main.java.AfterSignInTest" time="0.866">
    <system-err><![CDATA[Aug 16, 2021 2:09:41 PM org.openqa.selenium.remote.ProtocolHandshake createSession
INFO: Detected dialect: W3C
]]></system-err>
  </testcase>
  <testcase name="createEmptyAddress" classname="main.java.AfterSignInTest" time="0.537">
    <failure message="expected [http://a.testaddressbook.com/addresses/new] but found [http://a.testaddressbook.com/addresses]" type="java.lang.AssertionError"><![CDATA[java.lang.AssertionError: expected [http://a.testaddressbook.com/addresses/new] but found [http://a.testaddressbook.com/addresses]
	at main.java.AfterSignInTest.createEmptyAddress(AfterSignInTest.java:157)
]]></failure>
  </testcase>
  <testcase name="createInvalidFirstNameAddress" classname="main.java.AfterSignInTest" time="0.287">
    <failure message="expected [false] but found [true]" type="java.lang.AssertionError"><![CDATA[java.lang.AssertionError: expected [false] but found [true]
	at main.java.AfterSignInTest.createInvalidFirstNameAddress(AfterSignInTest.java:167)
]]></failure>
  </testcase>
  <testcase name="createInvalidLastNameAddress" classname="main.java.AfterSignInTest" time="4.284">
    <failure message="expected [false] but found [true]" type="java.lang.AssertionError"><![CDATA[java.lang.AssertionError: expected [false] but found [true]
	at main.java.AfterSignInTest.createInvalidLastNameAddress(AfterSignInTest.java:178)
]]></failure>
    <system-out><![CDATA[PASSED: testMainPageHeaders
PASSED: testSignInPageElementsExist
PASSED: signIn
PASSED: testSignInPageTitle
PASSED: clickHomeButton
PASSED: testMainPageTitle
PASSED: testBadCredentialsInForm
PASSED: clickSignUpButton
FAILED: clickLoginButton
java.lang.AssertionError: expected [Address Book - Sign In] but found [Address Book]
	at org.testng.Assert.fail(Assert.java:99)
	at org.testng.Assert.failNotEquals(Assert.java:1037)
	at org.testng.Assert.assertEqualsImpl(Assert.java:140)
	at org.testng.Assert.assertEquals(Assert.java:122)
	at org.testng.Assert.assertEquals(Assert.java:629)
	at org.testng.Assert.assertEquals(Assert.java:639)
	at main.java.MainPageTest.clickLoginButton(MainPageTest.java:78)
	at java.base/jdk.internal.reflect.NativeMethodAccessorImpl.invoke0(Native Method)
	at java.base/jdk.internal.reflect.NativeMethodAccessorImpl.invoke(NativeMethodAccessorImpl.java:62)
	at java.base/jdk.internal.reflect.DelegatingMethodAccessorImpl.invoke(DelegatingMethodAccessorImpl.java:43)
	at java.base/java.lang.reflect.Method.invoke(Method.java:566)
	at org.testng.internal.MethodInvocationHelper.invokeMethod(MethodInvocationHelper.java:133)
	at org.testng.internal.TestInvoker.invokeMethod(TestInvoker.java:598)
	at org.testng.internal.TestInvoker.invokeTestMethod(TestInvoker.java:173)
	at org.testng.internal.MethodRunner.runInSequence(MethodRunner.java:46)
	at org.testng.internal.TestInvoker$MethodInvocationAgent.invoke(TestInvoker.java:824)
	at org.testng.internal.TestInvoker.invokeTestMethods(TestInvoker.java:146)
	at org.testng.internal.TestMethodWorker.invokeTestMethods(TestMethodWorker.java:146)
	at org.testng.internal.TestMethodWorker.run(TestMethodWorker.java:128)
	at java.base/java.util.ArrayList.forEach(ArrayList.java:1541)
	at org.testng.TestRunner.privateRun(TestRunner.java:794)
	at org.testng.TestRunner.run(TestRunner.java:596)
	at org.testng.SuiteRunner.runTest(SuiteRunner.java:377)
	at org.testng.SuiteRunner.access$000(SuiteRunner.java:28)
	at org.testng.SuiteRunner$SuiteWorker.run(SuiteRunner.java:418)
	at org.testng.internal.thread.ThreadUtil.lambda$execute$0(ThreadUtil.java:64)
	at java.base/java.util.concurrent.FutureTask.run(FutureTask.java:264)
	at java.base/java.util.concurrent.ThreadPoolExecutor.runWorker(ThreadPoolExecutor.java:1128)
	at java.base/java.util.concurrent.ThreadPoolExecutor$Worker.run(ThreadPoolExecutor.java:628)
	at java.base/java.lang.Thread.run(Thread.java:834)


===============================================
    C:/Users/Alqarout/IdeaProjects/FirstSeleniumTask-FirstFunctionality
    Tests run: 9, Failures: 1, Skips: 0
===============================================

]]></system-out>
  </testcase>
  <testcase name="createInvalidZipCodeAddress" classname="main.java.AfterSignInTest" time="4.263">
    <failure message="expected [false] but found [true]" type="java.lang.AssertionError"><![CDATA[java.lang.AssertionError: expected [false] but found [true]
	at main.java.AfterSignInTest.createInvalidZipCodeAddress(AfterSignInTest.java:190)
]]></failure>
  </testcase>
  <testcase name="createInvalidAgeAddress" classname="main.java.AfterSignInTest" time="4.341">
    <failure message="expected [false] but found [true]" type="java.lang.AssertionError"><![CDATA[java.lang.AssertionError: expected [false] but found [true]
	at main.java.AfterSignInTest.createInvalidAgeAddress(AfterSignInTest.java:215)
]]></failure>
  </testcase>
  <testcase name="createInvalidBirthdayAddress" classname="main.java.AfterSignInTest" time="4.627">
    <failure message="expected [false] but found [true]" type="java.lang.AssertionError"><![CDATA[java.lang.AssertionError: expected [false] but found [true]
	at main.java.AfterSignInTest.createInvalidBirthdayAddress(AfterSignInTest.java:248)
]]></failure>
  </testcase>
  <testcase name="createValidAddress" classname="main.java.AfterSignInTest" time="1.376"/>
  <testcase name="editAddressCorrectlyAfterCreation" classname="main.java.AfterSignInTest" time="1.96"/>
  <testcase name="editAddressIncorrectlyAfterCreation" classname="main.java.AfterSignInTest" time="2.016">
    <failure message="expected [http://a.testaddressbook.com/addresses/8779] but found [http://a.testaddressbook.com/addresses/8779/edit]" type="java.lang.AssertionError"><![CDATA[java.lang.AssertionError: expected [http://a.testaddressbook.com/addresses/8779] but found [http://a.testaddressbook.com/addresses/8779/edit]
	at main.java.AfterSignInTest.editAddressIncorrectlyAfterCreation(AfterSignInTest.java:300)
]]></failure>
  </testcase>
  <testcase name="listAddressAfterCreation" classname="main.java.AfterSignInTest" time="2.42"/>
  <testcase name="listAddressBeforeCreation" classname="main.java.AfterSignInTest" time="1.249"/>
  <testcase name="destroyAddress" classname="main.java.AfterSignInTest" time="1.299">
    <failure message="expected [true] but found [false]" type="java.lang.AssertionError"><![CDATA[java.lang.AssertionError: expected [true] but found [false]
	at main.java.AfterSignInTest.destroyAddress(AfterSignInTest.java:339)
]]></failure>
  </testcase>
  <testcase name="signOut" classname="main.java.AfterSignInTest" time="0.438"/>
  <testcase name="testSignInPageTitle" classname="main.java.SignInPageTest" time="0.007"/>
  <testcase name="testSignInPageElementsExist" classname="main.java.SignInPageTest" time="0.118"/>
  <testcase name="testBadCredentialsInForm" classname="main.java.SignInPageTest" time="2.379"/>
  <testcase name="clickSignUpButton" classname="main.java.SignInPageTest" time="0.525"/>
  <testcase name="signIn" classname="main.java.SignInPageTest" time="0.136"/>
</testsuite>