-------------------------------------------------------------------------------
Test set: TestSuite
-------------------------------------------------------------------------------
Tests run: 24, Failures: 9, Errors: 0, Skipped: 0, Time elapsed: 69.506 s <<< FAILURE! - in TestSuite
main.java.MainPageTest.clickLoginButton  Time elapsed: 0.062 s  <<< FAILURE!
java.lang.AssertionError: expected [Address Book - Sign In] but found [Address Book]
	at main.java.MainPageTest.clickLoginButton(MainPageTest.java:78)

main.java.AfterSignInTest.createEmptyAddress  Time elapsed: 0.57 s  <<< FAILURE!
java.lang.AssertionError: expected [http://a.testaddressbook.com/addresses/new] but found [http://a.testaddressbook.com/addresses]
	at main.java.AfterSignInTest.createEmptyAddress(AfterSignInTest.java:157)

main.java.AfterSignInTest.createInvalidFirstNameAddress  Time elapsed: 4.258 s  <<< FAILURE!
java.lang.AssertionError: expected [false] but found [true]
	at main.java.AfterSignInTest.createInvalidFirstNameAddress(AfterSignInTest.java:167)

main.java.AfterSignInTest.createInvalidLastNameAddress  Time elapsed: 4.28 s  <<< FAILURE!
java.lang.AssertionError: expected [false] but found [true]
	at main.java.AfterSignInTest.createInvalidLastNameAddress(AfterSignInTest.java:178)

main.java.AfterSignInTest.createInvalidZipCodeAddress  Time elapsed: 4.208 s  <<< FAILURE!
java.lang.AssertionError: expected [false] but found [true]
	at main.java.AfterSignInTest.createInvalidZipCodeAddress(AfterSignInTest.java:190)

main.java.AfterSignInTest.createInvalidAgeAddress  Time elapsed: 4.344 s  <<< FAILURE!
java.lang.AssertionError: expected [false] but found [true]
	at main.java.AfterSignInTest.createInvalidAgeAddress(AfterSignInTest.java:215)

main.java.AfterSignInTest.createInvalidBirthdayAddress  Time elapsed: 4.316 s  <<< FAILURE!
java.lang.AssertionError: expected [false] but found [true]
	at main.java.AfterSignInTest.createInvalidBirthdayAddress(AfterSignInTest.java:248)

main.java.AfterSignInTest.editAddressIncorrectlyAfterCreation  Time elapsed: 2.989 s  <<< FAILURE!
java.lang.AssertionError: expected [http://a.testaddressbook.com/addresses/8770] but found [http://a.testaddressbook.com/addresses/8770/edit]
	at main.java.AfterSignInTest.editAddressIncorrectlyAfterCreation(AfterSignInTest.java:300)

main.java.AfterSignInTest.destroyAddress  Time elapsed: 1.367 s  <<< FAILURE!
java.lang.AssertionError: expected [true] but found [false]
	at main.java.AfterSignInTest.destroyAddress(AfterSignInTest.java:339)

